Arguments: 
  /usr/bin/node /usr/share/yarn/bin/yarn.js add handleRemoveTask -D

PATH: 
  /home/arthur/.vscode-server/bin/dfd34e8260c270da74b5c2d86d61aee4b6d56977/bin/remote-cli:/usr/local/sbin:/usr/local/bin:/usr/sbin:/usr/bin:/sbin:/bin:/usr/games:/usr/local/games:/usr/lib/wsl/lib:/mnt/c/ProgramData/Oracle/Java/javapath:/mnt/c/Windows/system32:/mnt/c/Windows:/mnt/c/Windows/System32/Wbem:/mnt/c/Windows/System32/WindowsPowerShell/v1.0/:/mnt/c/Windows/System32/OpenSSH/:/mnt/c/Program Files/NVIDIA Corporation/NVIDIA NvDLISR:/mnt/c/Program Files/Git/cmd:/mnt/c/Users/arthu/AppData/Local/Microsoft/WindowsApps:/mnt/c/Users/arthu/AppData/Local/Programs/Microsoft VS Code/bin:/mnt/c/Users/arthu/AppData/Local/Programs/Hyper/resources/bin:/snap/bin

Yarn version: 
  1.22.18

Node version: 
  16.14.2

Platform: 
  linux x64

Trace: 
  Error: https://registry.yarnpkg.com/handleRemoveTask: Not found
      at Request.params.callback [as _callback] (/usr/share/yarn/lib/cli.js:66138:18)
      at Request.self.callback (/usr/share/yarn/lib/cli.js:140883:22)
      at Request.emit (node:events:526:28)
      at Request.<anonymous> (/usr/share/yarn/lib/cli.js:141855:10)
      at Request.emit (node:events:526:28)
      at IncomingMessage.<anonymous> (/usr/share/yarn/lib/cli.js:141777:12)
      at Object.onceWrapper (node:events:645:28)
      at IncomingMessage.emit (node:events:538:35)
      at endReadableNT (node:internal/streams/readable:1345:12)
      at processTicksAndRejections (node:internal/process/task_queues:83:21)

npm manifest: 
  {
    "name": "01-github-explorer",
    "version": "1.0.0",
    "main": "index.js",
    "license": "MIT",
    "scripts": {
      "dev": "webpack serve",
      "build": "cross-env NODE_ENV=production webpack",
      "test": "jest --watchAll"
    },
    "dependencies": {
      "react": "^17.0.1",
      "react-dom": "^17.0.1",
      "react-icons": "^4.2.0"
    },
    "devDependencies": {
      "@babel/cli": "^7.12.10",
      "@babel/core": "^7.12.10",
      "@babel/preset-env": "^7.12.11",
      "@babel/preset-react": "^7.12.10",
      "@babel/preset-typescript": "^7.12.7",
      "@pmmmwh/react-refresh-webpack-plugin": "^0.4.3",
      "@testing-library/jest-dom": "^5.11.9",
      "@testing-library/react": "^11.2.5",
      "@types/react-dom": "^17.0.0",
      "babel-loader": "^8.2.2",
      "babel-preset-react-app": "^10.0.0",
      "cross-env": "^7.0.3",
      "css-loader": "^5.0.1",
      "html-webpack-plugin": "^4.5.1",
      "identity-obj-proxy": "^3.0.0",
      "jest": "^26.6.3",
      "node-sass": "^6.0.1",
      "react-app-polyfill": "^2.0.0",
      "react-refresh": "^0.9.0",
      "sass-loader": "^10.1.1",
      "style-loader": "^2.0.0",
      "ts-node": "^9.1.1",
      "typescript": "^4.1.3",
      "webpack": "^5.17.0",
      "webpack-cli": "^4.4.0",
      "webpack-dev-server": "^3.11.2"
    }
  }

yarn manifest: 
  No manifest

Lockfile: 
  No lockfile
